<?xml version="1.0" encoding="UTF-8"?>
<!-- Generated by org.testng.reporters.JUnitReportReporter -->
<testsuite hostname="Hardics-MBP" failures="0" tests="1" name="Api_test.GetRequest_demo" time="1.987" errors="0" timestamp="21 Jan 2020 23:16:19 GMT" skipped="0">
  <testcase classname="Api_test.GetRequest_demo" name="getWeatherDetails" time="1.987"/>
</testsuite> <!-- Api_test.GetRequest_demo -->
