<?xml version="1.0" encoding="UTF-8"?>
<!-- Generated by org.testng.reporters.JUnitReportReporter -->
<testsuite hostname="Hardics-MBP.home" failures="0" tests="1" name="Api_test.PostRequest_demo" time="1.557" errors="0" timestamp="20 Jan 2020 22:01:57 GMT" skipped="0">
  <testcase classname="Api_test.PostRequest_demo" name="postTest" time="1.557"/>
</testsuite> <!-- Api_test.PostRequest_demo -->
