<?xml version="1.0" encoding="UTF-8"?>
<!-- Generated by org.testng.reporters.JUnitReportReporter -->
<testsuite hostname="Hardics-MBP.home" failures="0" tests="1" name="Api_test.GetRequest_demo" time="1.976" errors="0" timestamp="20 Jan 2020 21:28:32 GMT" skipped="0">
  <testcase classname="Api_test.GetRequest_demo" name="getWeatherDetails" time="1.976"/>
</testsuite> <!-- Api_test.GetRequest_demo -->
